#
# A fatal error has been detected by the Java Runtime Environment:
#
#  Internal Error (javaClasses.cpp:136), pid=3264, tid=6968
#  fatal error: Invalid layout of preloaded class
#
# JRE version:  (7.0_51-b13) (build )
# Java VM: Java HotSpot(TM) Client VM (24.51-b03 mixed mode windows-x86 )
# Failed to write core dump. Minidumps are not enabled by default on client versions of Windows
#
# If you would like to submit a bug report, please visit:
#   http://bugreport.sun.com/bugreport/crash.jsp
#

---------------  T H R E A D  ---------------

Current thread (0x0194c800):  JavaThread "Unknown thread" [_thread_in_vm, id=6968, stack(0x006f0000,0x00740000)]

Stack: [0x006f0000,0x00740000],  sp=0x0073f4e8,  free space=317k
Native frames: (J=compiled Java code, j=interpreted, Vv=VM code, C=native code)
V  [jvm.dll+0x18e0f1]
V  [jvm.dll+0x187e66]
V  [jvm.dll+0x3586a]
V  [jvm.dll+0x358f6]
V  [jvm.dll+0x4400d]
V  [jvm.dll+0x442be]
V  [jvm.dll+0x9263a]
V  [jvm.dll+0x929eb]
V  [jvm.dll+0x13dc51]
V  [jvm.dll+0x16076c]
V  [jvm.dll+0xc8ebf]
C  [javaw.exe+0x13ce]
C  [javaw.exe+0x1e40]
C  [javaw.exe+0xa5b1]
C  [javaw.exe+0xa63b]
C  [kernel32.dll+0x4ee1c]
C  [ntdll.dll+0x637eb]
C  [ntdll.dll+0x637be]


---------------  P R O C E S S  ---------------

Java Threads: ( => current thread )

Other Threads:

=>0x0194c800 (exited) JavaThread "Unknown thread" [_thread_in_vm, id=6968, stack(0x006f0000,0x00740000)]

VM state:not at safepoint (not fully initialized)

VM Mutex/Monitor currently owned by a thread: None

GC Heap History (0 events):
No events

Deoptimization events (0 events):
No events

Internal exceptions (0 events):
No events

Events (10 events):
Event: 0.139 loading class 0x017b9240 done
Event: 0.139 loading class 0x017b8cd0 done
Event: 0.139 loading class 0x017b8cb0
Event: 0.139 loading class 0x017bffd8
Event: 0.169 loading class 0x017bffd8 done
Event: 0.169 loading class 0x017c0008
Event: 0.169 loading class 0x017c0008 done
Event: 0.170 loading class 0x017c0038
Event: 0.170 loading class 0x017c0038 done
Event: 0.170 loading class 0x017b8cb0 done


Dynamic libraries:
0x00b50000 - 0x00b7f000 	C:\Program Files\Java\jre7\bin\javaw.exe
0x76f90000 - 0x770cc000 	C:\Windows\SYSTEM32\ntdll.dll
0x770e0000 - 0x771b4000 	C:\Windows\system32\kernel32.dll
0x75200000 - 0x7524b000 	C:\Windows\system32\KERNELBASE.dll
0x76aa0000 - 0x76b40000 	C:\Windows\system32\ADVAPI32.dll
0x76360000 - 0x7640c000 	C:\Windows\system32\msvcrt.dll
0x76ea0000 - 0x76eb9000 	C:\Windows\SYSTEM32\sechost.dll
0x75310000 - 0x753b2000 	C:\Windows\system32\RPCRT4.dll
0x76270000 - 0x76339000 	C:\Windows\system32\USER32.dll
0x76410000 - 0x7645e000 	C:\Windows\system32\GDI32.dll
0x76340000 - 0x7634a000 	C:\Windows\system32\LPK.dll
0x768d0000 - 0x7696d000 	C:\Windows\system32\USP10.dll
0x743e0000 - 0x7457e000 	C:\Windows\WinSxS\x86_microsoft.windows.common-controls_6595b64144ccf1df_6.0.7601.17514_none_41e6975e2bd6f2b2\COMCTL32.dll
0x76870000 - 0x768c7000 	C:\Windows\system32\SHLWAPI.dll
0x753f0000 - 0x7540f000 	C:\Windows\system32\IMM32.DLL
0x76ec0000 - 0x76f8c000 	C:\Windows\system32\MSCTF.dll
0x5ffd0000 - 0x6008f000 	C:\Program Files\Java\jre7\bin\msvcr100.dll
0x5dba0000 - 0x5df20000 	C:\Program Files\Java\jre7\bin\client\jvm.dll
0x706e0000 - 0x706e7000 	C:\Windows\system32\WSOCK32.dll
0x76230000 - 0x76265000 	C:\Windows\system32\WS2_32.dll
0x755d0000 - 0x755d6000 	C:\Windows\system32\NSI.dll
0x74010000 - 0x74042000 	C:\Windows\system32\WINMM.dll
0x770d0000 - 0x770d5000 	C:\Windows\system32\PSAPI.DLL
0x6a850000 - 0x6a85c000 	C:\Program Files\Java\jre7\bin\verify.dll
0x652e0000 - 0x65300000 	C:\Program Files\Java\jre7\bin\java.dll
0x62a80000 - 0x62a93000 	C:\Program Files\Java\jre7\bin\zip.dll
0x73f20000 - 0x7400b000 	C:\Windows\system32\dbghelp.dll

VM Arguments:
jvm_args: -Dfile.encoding=GBK -Xbootclasspath:D:\Program Files\Android\SDK\platforms\android-19\android.jar 
java_command: com.xujinliang.ui.Main
Launcher Type: SUN_STANDARD

Environment Variables:
JAVA_HOME=C:\Program Files\Java\jdk1.7.0_51
CLASSPATH=.C:\Program Files\Java\jdk1.7.0_51\lib;C:\Program Files\Java\jdk1.7.0_51\lib\tools.jar;D:\tomcat\lib
PATH=C:/Program Files/Java/jre7/bin/client;C:/Program Files/Java/jre7/bin;C:/Program Files/Java/jre7/lib/i386;C:\Program Files\Common Files\NetSarang;D:\oracle10g\bin;C:\Windows\system32;C:\Windows;C:\Windows\System32\Wbem;C:\Windows\System32\WindowsPowerShell\v1.0\;C:\Program Files\Java\jdk1.7.0_51\bin;D:\ndkWin32\android-ndk-r9d;D:\ndkWin32\cygwin\bin;D:\Program Files\Android\SDK\platform-tools;C:\Program Files\Microsoft\Web Platform Installer\;C:\Program Files\Microsoft ASP.NET\ASP.NET Web Pages\v1.0\;C:\Program Files\Windows Kits\8.0\Windows Performance Toolkit\;C:\Program Files\Microsoft SQL Server\110\Tools\Binn\;D:\ndkWin32\android-ndk-r9d;D:\Program Files\Android\SDK\tools;D:\ndkWin32\android-ndk-r9d;D:\tomcat\bin;D:\Program Files\UtralEdit;D:\Program Files\UtralEdit\;D:\Program Files\Android\Eclipse;
USERNAME=jin
OS=Windows_NT
PROCESSOR_IDENTIFIER=x86 Family 6 Model 37 Stepping 5, GenuineIntel



---------------  S Y S T E M  ---------------

OS: Windows 7 Build 7601 Service Pack 1

CPU:total 4 (2 cores per cpu, 2 threads per core) family 6 model 37 stepping 5, cmov, cx8, fxsr, mmx, sse, sse2, sse3, ssse3, sse4.1, sse4.2, popcnt, aes, ht, tsc, tscinvbit

Memory: 4k page, physical 2939392k(275332k free), swap 5877032k(2008160k free)

vm_info: Java HotSpot(TM) Client VM (24.51-b03) for windows-x86 JRE (1.7.0_51-b13), built on Dec 18 2013 19:09:58 by "java_re" with unknown MS VC++:1600

time: Sun May 25 20:00:31 2014
elapsed time: 0 seconds

